*** Starting uWSGI 2.0.15-debian (64bit) on [Wed Feb 26 10:21:47 2020] ***
compiled with version: 7.3.0 on 28 September 2018 15:41:15
os: Linux-4.15.0-54-generic #58-Ubuntu SMP Mon Jun 24 10:55:24 UTC 2019
nodename: VM-0-11-ubuntu
machine: x86_64
clock source: unix
pcre jit disabled
detected number of CPU cores: 1
current working directory: /home/ubuntu/jankin/code/web/dp_ncov
detected binary path: /usr/bin/uwsgi-core
dropping root privileges as early as possible
chdir() to /home/ubuntu/jankin/code/web/dp_ncov
your processes number limit is 7080
your memory page size is 4096 bytes
detected max file descriptor number: 1024
lock engine: pthread robust mutexes
thunder lock: disabled (you can enable it with --thunder-lock)
uwsgi socket 0 bound to UNIX address /home/ubuntu/jankin/code/web/dp_ncov/uwsgi.sock fd 3
dropping root privileges after socket binding
Python version: 2.7.17 (default, Nov  7 2019, 10:07:09)  [GCC 7.4.0]
Set PythonHome to /home/ubuntu/jankin/software/python/venvs/python36_venv
ImportError: No module named site
*** Starting uWSGI 2.0.15-debian (64bit) on [Wed Feb 26 10:22:07 2020] ***
compiled with version: 7.3.0 on 28 September 2018 15:41:15
os: Linux-4.15.0-54-generic #58-Ubuntu SMP Mon Jun 24 10:55:24 UTC 2019
nodename: VM-0-11-ubuntu
machine: x86_64
clock source: unix
pcre jit disabled
detected number of CPU cores: 1
current working directory: /home/ubuntu/jankin/code/web/dp_ncov
detected binary path: /usr/bin/uwsgi-core
dropping root privileges as early as possible
chdir() to /home/ubuntu/jankin/code/web/dp_ncov
your processes number limit is 7080
your memory page size is 4096 bytes
detected max file descriptor number: 1024
lock engine: pthread robust mutexes
thunder lock: disabled (you can enable it with --thunder-lock)
uwsgi socket 0 bound to UNIX address /home/ubuntu/jankin/code/web/dp_ncov/uwsgi.sock fd 3
dropping root privileges after socket binding
Python version: 2.7.17 (default, Nov  7 2019, 10:07:09)  [GCC 7.4.0]
Set PythonHome to /home/ubuntu/jankin/software/python/venvs/python36_venv
ImportError: No module named site
*** Starting uWSGI 2.0.15-debian (64bit) on [Wed Feb 26 10:22:12 2020] ***
compiled with version: 7.3.0 on 28 September 2018 15:41:15
os: Linux-4.15.0-54-generic #58-Ubuntu SMP Mon Jun 24 10:55:24 UTC 2019
nodename: VM-0-11-ubuntu
machine: x86_64
clock source: unix
pcre jit disabled
detected number of CPU cores: 1
current working directory: /home/ubuntu/jankin/code/web/dp_ncov
detected binary path: /usr/bin/uwsgi-core
dropping root privileges as early as possible
user root  #使用权限 not found.
*** Starting uWSGI 2.0.15-debian (64bit) on [Wed Feb 26 10:26:12 2020] ***
compiled with version: 7.3.0 on 28 September 2018 15:41:15
os: Linux-4.15.0-54-generic #58-Ubuntu SMP Mon Jun 24 10:55:24 UTC 2019
nodename: VM-0-11-ubuntu
machine: x86_64
clock source: unix
pcre jit disabled
detected number of CPU cores: 1
current working directory: /home/ubuntu/jankin/code/web/dp_ncov
detected binary path: /usr/bin/uwsgi-core
dropping root privileges as early as possible
chdir() to /home/ubuntu/jankin/code/web/dp_ncov
your processes number limit is 7080
your memory page size is 4096 bytes
detected max file descriptor number: 1024
lock engine: pthread robust mutexes
thunder lock: disabled (you can enable it with --thunder-lock)
uwsgi socket 0 bound to UNIX address /home/ubuntu/jankin/code/web/dp_ncov/uwsgi.sock fd 3
dropping root privileges after socket binding
Python version: 2.7.17 (default, Nov  7 2019, 10:07:09)  [GCC 7.4.0]
Set PythonHome to /home/ubuntu/jankin/software/python/venvs/python36_venv
ImportError: No module named site
*** Starting uWSGI 2.0.18 (64bit) on [Wed Feb 26 10:26:58 2020] ***
compiled with version: 7.4.0 on 14 January 2020 16:02:41
os: Linux-4.15.0-54-generic #58-Ubuntu SMP Mon Jun 24 10:55:24 UTC 2019
nodename: VM-0-11-ubuntu
machine: x86_64
clock source: unix
detected number of CPU cores: 1
current working directory: /home/ubuntu/jankin/code/web/dp_ncov
detected binary path: /home/ubuntu/jankin/software/python/venvs/python36_venv/bin/uwsgi
!!! no internal routing support, rebuild with pcre support !!!
chdir() to /home/ubuntu/jankin/code/web/dp_ncov
your processes number limit is 7080
your memory page size is 4096 bytes
detected max file descriptor number: 1024
lock engine: pthread robust mutexes
thunder lock: disabled (you can enable it with --thunder-lock)
uWSGI http bound on 0.0.0.0:8111 fd 3
uwsgi socket 0 bound to UNIX address /home/ubuntu/jankin/code/web/dp_ncov/uwsgi.sock fd 6
Python version: 3.6.9 (default, Nov  7 2019, 10:44:02)  [GCC 8.3.0]
Set PythonHome to /home/ubuntu/jankin/software/python/venvs/python36_venv
Python main interpreter initialized at 0x559619518cd0
python threads support enabled
your server socket listen backlog is limited to 100 connections
your mercy for graceful operations on workers is 60 seconds
mapped 1031110 bytes (1006 KB) for 8 cores
*** Operational MODE: preforking+threaded ***
WSGI app 0 (mountpoint='') ready in 1 seconds on interpreter 0x559619518cd0 pid: 29820 (default app)
*** uWSGI is running in multiple interpreter mode ***
spawned uWSGI master process (pid: 29820)
spawned uWSGI worker 1 (pid: 29822, cores: 2)
spawned uWSGI worker 2 (pid: 29823, cores: 2)
spawned uWSGI worker 3 (pid: 29824, cores: 2)
spawned uWSGI worker 4 (pid: 29825, cores: 2)
*** Stats server enabled on 127.0.0.1:9192 fd: 18 ***
spawned uWSGI http 1 (pid: 29826)
SIGINT/SIGQUIT received...killing workers...
gateway "uWSGI http 1" has been buried (pid: 29826)
worker 1 buried after 1 seconds
worker 2 buried after 1 seconds
worker 3 buried after 1 seconds
worker 4 buried after 1 seconds
goodbye to uWSGI.
*** Starting uWSGI 2.0.18 (64bit) on [Wed Feb 26 10:28:22 2020] ***
compiled with version: 7.4.0 on 14 January 2020 16:02:41
os: Linux-4.15.0-54-generic #58-Ubuntu SMP Mon Jun 24 10:55:24 UTC 2019
nodename: VM-0-11-ubuntu
machine: x86_64
clock source: unix
detected number of CPU cores: 1
current working directory: /home/ubuntu/jankin/code/web/dp_ncov
detected binary path: /home/ubuntu/jankin/software/python/venvs/python36_venv/bin/uwsgi
!!! no internal routing support, rebuild with pcre support !!!
chdir() to /home/ubuntu/jankin/code/web/dp_ncov
your processes number limit is 7080
your memory page size is 4096 bytes
detected max file descriptor number: 1024
lock engine: pthread robust mutexes
thunder lock: disabled (you can enable it with --thunder-lock)
uWSGI http bound on 0.0.0.0:8111 fd 3
uwsgi socket 0 bound to UNIX address /home/ubuntu/jankin/code/web/dp_ncov/uwsgi.sock fd 6
Python version: 3.6.9 (default, Nov  7 2019, 10:44:02)  [GCC 8.3.0]
Set PythonHome to /home/ubuntu/jankin/software/python/venvs/python36_venv
Python main interpreter initialized at 0x55bcbc3a7c40
python threads support enabled
your server socket listen backlog is limited to 100 connections
your mercy for graceful operations on workers is 60 seconds
mapped 1031110 bytes (1006 KB) for 8 cores
*** Operational MODE: preforking+threaded ***
WSGI app 0 (mountpoint='') ready in 0 seconds on interpreter 0x55bcbc3a7c40 pid: 30026 (default app)
*** uWSGI is running in multiple interpreter mode ***
spawned uWSGI master process (pid: 30026)
spawned uWSGI worker 1 (pid: 30028, cores: 2)
spawned uWSGI worker 2 (pid: 30029, cores: 2)
spawned uWSGI worker 3 (pid: 30030, cores: 2)
spawned uWSGI worker 4 (pid: 30031, cores: 2)
*** Stats server enabled on 127.0.0.1:9192 fd: 18 ***
spawned uWSGI http 1 (pid: 30032)
[pid: 30028|app: 0|req: 1/1] 112.32.64.96 () {36 vars in 698 bytes} [Wed Feb 26 10:28:38 2020] GET / => generated 186 bytes in 14 msecs (HTTP/1.1 200) 5 headers in 221 bytes (1 switches on core 0)
[pid: 30028|app: 0|req: 2/2] 112.32.64.96 () {36 vars in 612 bytes} [Wed Feb 26 10:28:39 2020] GET /echarts.min.js => generated 232 bytes in 2 msecs (HTTP/1.1 404) 5 headers in 213 bytes (1 switches on core 1)
[pid: 30030|app: 0|req: 1/3] 112.32.64.96 () {36 vars in 642 bytes} [Wed Feb 26 10:28:39 2020] GET /favicon.ico => generated 232 bytes in 5 msecs (HTTP/1.1 404) 5 headers in 213 bytes (1 switches on core 0)
SIGINT/SIGQUIT received...killing workers...
gateway "uWSGI http 1" has been buried (pid: 30032)
worker 1 buried after 1 seconds
worker 2 buried after 1 seconds
worker 3 buried after 1 seconds
worker 4 buried after 1 seconds
goodbye to uWSGI.
